[0m10:18:20.748859 [debug] [MainThread]: Sending event: {'category': 'dbt', 'action': 'invocation', 'label': 'start', 'context': [<snowplow_tracker.self_describing_json.SelfDescribingJson object at 0x119558c90>, <snowplow_tracker.self_describing_json.SelfDescribingJson object at 0x119556a50>, <snowplow_tracker.self_describing_json.SelfDescribingJson object at 0x119566f90>]}


============================== 10:18:20.752915 | 19e53b90-2a8a-444a-934d-5626d528b3f5 ==============================
[0m10:18:20.752915 [info ] [MainThread]: Running with dbt=1.5.9
[0m10:18:20.753202 [debug] [MainThread]: running dbt with arguments {'printer_width': '80', 'indirect_selection': 'eager', 'log_cache_events': 'False', 'write_json': 'True', 'partial_parse': 'True', 'cache_selected_only': 'False', 'profiles_dir': '/Users/wendyortiz/.dbt', 'debug': 'False', 'warn_error': 'None', 'log_path': 'logs', 'version_check': 'True', 'fail_fast': 'False', 'use_colors': 'True', 'use_experimental_parser': 'False', 'no_print': 'None', 'quiet': 'False', 'log_format': 'default', 'static_parser': 'True', 'warn_error_options': 'WarnErrorOptions(include=[], exclude=[])', 'introspect': 'True', 'target_path': 'None', 'send_anonymous_usage_stats': 'True'}
[0m10:18:56.521035 [debug] [MainThread]: Starter project path: /opt/homebrew/lib/python3.11/site-packages/dbt/include/starter_project
[0m10:28:18.760200 [info ] [MainThread]: Profile cost_management_asset_dbt written to /Users/wendyortiz/.dbt/profiles.yml using target's profile_template.yml and your supplied values. Run 'dbt debug' to validate the connection.
[0m10:28:18.778023 [info ] [MainThread]: 
Your new dbt project "cost_management_asset_dbt" was created!

For more information on how to configure the profiles.yml file,
please consult the dbt documentation here:

  https://docs.getdbt.com/docs/configure-your-profile

One more thing:

Need help? Don't hesitate to reach out to us via GitHub issues or on Slack:

  https://community.getdbt.com/

Happy modeling!

[0m10:28:18.785536 [debug] [MainThread]: Command `dbt init` succeeded at 10:28:18.783338 after 598.05 seconds
[0m10:28:18.790174 [debug] [MainThread]: Sending event: {'category': 'dbt', 'action': 'invocation', 'label': 'end', 'context': [<snowplow_tracker.self_describing_json.SelfDescribingJson object at 0x11c233c10>, <snowplow_tracker.self_describing_json.SelfDescribingJson object at 0x104add210>, <snowplow_tracker.self_describing_json.SelfDescribingJson object at 0x1193790d0>]}
[0m10:28:18.793578 [debug] [MainThread]: Flushing usage events
[0m10:28:19.647028 [debug] [MainThread]: Error sending anonymous usage statistics. Disabling tracking for this execution. If you wish to permanently disable tracking, see: https://docs.getdbt.com/reference/global-configs#send-anonymous-usage-stats.
[0m17:05:04.849832 [debug] [MainThread]: Sending event: {'category': 'dbt', 'action': 'invocation', 'label': 'start', 'context': [<snowplow_tracker.self_describing_json.SelfDescribingJson object at 0x7fb64124e880>, <snowplow_tracker.self_describing_json.SelfDescribingJson object at 0x7fb6300c9b50>, <snowplow_tracker.self_describing_json.SelfDescribingJson object at 0x7fb6300c9160>]}


============================== 17:05:04.854475 | 3ba3c572-c8e6-49ad-954b-446cc09534b8 ==============================
[0m17:05:04.854475 [info ] [MainThread]: Running with dbt=1.9.4
[0m17:05:04.854992 [debug] [MainThread]: running dbt with arguments {'printer_width': '80', 'indirect_selection': 'eager', 'log_cache_events': 'False', 'write_json': 'True', 'partial_parse': 'True', 'cache_selected_only': 'False', 'warn_error': 'None', 'fail_fast': 'False', 'version_check': 'True', 'log_path': 'logs', 'debug': 'False', 'profiles_dir': '/Users/edgardo_hernandez/.dbt', 'use_colors': 'True', 'use_experimental_parser': 'False', 'no_print': 'None', 'quiet': 'False', 'empty': 'None', 'log_format': 'default', 'invocation_command': 'dbt init', 'introspect': 'True', 'warn_error_options': 'WarnErrorOptions(include=[], exclude=[])', 'target_path': 'None', 'static_parser': 'True', 'send_anonymous_usage_stats': 'True'}
[0m17:05:39.104247 [info ] [MainThread]: A project called cost_management_asset_dbt already exists here.
[0m17:05:39.143692 [debug] [MainThread]: Resource report: {"command_name": "init", "command_success": true, "command_wall_clock_time": 34.369442, "process_in_blocks": "0", "process_kernel_time": 0.440026, "process_mem_max_rss": "95047680", "process_out_blocks": "0", "process_user_time": 0.856563}
[0m17:05:39.144716 [debug] [MainThread]: Command `dbt init` succeeded at 17:05:39.144359 after 34.37 seconds
[0m17:05:39.145894 [debug] [MainThread]: Sending event: {'category': 'dbt', 'action': 'invocation', 'label': 'end', 'context': [<snowplow_tracker.self_describing_json.SelfDescribingJson object at 0x7fb64124e880>, <snowplow_tracker.self_describing_json.SelfDescribingJson object at 0x7fb650a5d370>, <snowplow_tracker.self_describing_json.SelfDescribingJson object at 0x7fb6200e57f0>]}
[0m17:05:39.148520 [debug] [MainThread]: Flushing usage events
[0m17:05:39.925444 [debug] [MainThread]: An error was encountered while trying to flush usage events
[0m13:27:58.015242 [debug] [MainThread]: Sending event: {'category': 'dbt', 'action': 'invocation', 'label': 'start', 'context': [<snowplow_tracker.self_describing_json.SelfDescribingJson object at 0x7f781138fa30>, <snowplow_tracker.self_describing_json.SelfDescribingJson object at 0x7f7821291bb0>, <snowplow_tracker.self_describing_json.SelfDescribingJson object at 0x7f78212911c0>]}


============================== 13:27:58.019530 | d88526e1-48f0-4a7a-9aa6-418629ba4dc9 ==============================
[0m13:27:58.019530 [info ] [MainThread]: Running with dbt=1.9.4
[0m13:27:58.019985 [debug] [MainThread]: running dbt with arguments {'printer_width': '80', 'indirect_selection': 'eager', 'write_json': 'True', 'log_cache_events': 'False', 'partial_parse': 'True', 'cache_selected_only': 'False', 'profiles_dir': '/Users/edgardo_hernandez/.dbt', 'debug': 'False', 'warn_error': 'None', 'log_path': 'logs', 'fail_fast': 'False', 'version_check': 'True', 'use_colors': 'True', 'use_experimental_parser': 'False', 'no_print': 'None', 'quiet': 'False', 'empty': 'None', 'warn_error_options': 'WarnErrorOptions(include=[], exclude=[])', 'static_parser': 'True', 'log_format': 'default', 'introspect': 'True', 'target_path': 'None', 'invocation_command': 'dbt debug', 'send_anonymous_usage_stats': 'True'}
[0m13:27:58.029893 [info ] [MainThread]: dbt version: 1.9.4
[0m13:27:58.030208 [info ] [MainThread]: python version: 3.9.0
[0m13:27:58.030451 [info ] [MainThread]: python path: /Library/Frameworks/Python.framework/Versions/3.9/bin/python3.9
[0m13:27:58.030681 [info ] [MainThread]: os info: macOS-10.16-x86_64-i386-64bit
[0m13:27:58.031546 [info ] [MainThread]: target not specified in profile 'cost_management_asset_dbt', using 'default'
[0m13:27:58.031856 [info ] [MainThread]: Using profiles dir at /Users/edgardo_hernandez/.dbt
[0m13:27:58.032095 [info ] [MainThread]: Using profiles.yml file at /Users/edgardo_hernandez/.dbt/profiles.yml
[0m13:27:58.032314 [info ] [MainThread]: Using dbt_project.yml file at /Users/edgardo_hernandez/Documents/Projects/FIS/cost_management_asset/dbt_project.yml
[0m13:27:58.032539 [info ] [MainThread]: Configuration:
[0m13:27:58.032752 [info ] [MainThread]:   profiles.yml file [[31mERROR invalid[0m]
[0m13:27:58.032965 [info ] [MainThread]:   dbt_project.yml file [[31mERROR not found[0m]
[0m13:27:58.033173 [info ] [MainThread]: Required dependencies:
[0m13:27:58.033427 [debug] [MainThread]: Executing "git --help"
[0m13:27:58.050878 [debug] [MainThread]: STDOUT: "b"usage: git [-v | --version] [-h | --help] [-C <path>] [-c <name>=<value>]\n           [--exec-path[=<path>]] [--html-path] [--man-path] [--info-path]\n           [-p | --paginate | -P | --no-pager] [--no-replace-objects] [--no-lazy-fetch]\n           [--no-optional-locks] [--no-advice] [--bare] [--git-dir=<path>]\n           [--work-tree=<path>] [--namespace=<name>] [--config-env=<name>=<envvar>]\n           <command> [<args>]\n\nThese are common Git commands used in various situations:\n\nstart a working area (see also: git help tutorial)\n   clone      Clone a repository into a new directory\n   init       Create an empty Git repository or reinitialize an existing one\n\nwork on the current change (see also: git help everyday)\n   add        Add file contents to the index\n   mv         Move or rename a file, a directory, or a symlink\n   restore    Restore working tree files\n   rm         Remove files from the working tree and from the index\n\nexamine the history and state (see also: git help revisions)\n   bisect     Use binary search to find the commit that introduced a bug\n   diff       Show changes between commits, commit and working tree, etc\n   grep       Print lines matching a pattern\n   log        Show commit logs\n   show       Show various types of objects\n   status     Show the working tree status\n\ngrow, mark and tweak your common history\n   backfill   Download missing objects in a partial clone\n   branch     List, create, or delete branches\n   commit     Record changes to the repository\n   merge      Join two or more development histories together\n   rebase     Reapply commits on top of another base tip\n   reset      Reset current HEAD to the specified state\n   switch     Switch branches\n   tag        Create, list, delete or verify a tag object signed with GPG\n\ncollaborate (see also: git help workflows)\n   fetch      Download objects and refs from another repository\n   pull       Fetch from and integrate with another repository or a local branch\n   push       Update remote refs along with associated objects\n\n'git help -a' and 'git help -g' list available subcommands and some\nconcept guides. See 'git help <command>' or 'git help <concept>'\nto read about a specific subcommand or concept.\nSee 'git help git' for an overview of the system.\n""
[0m13:27:58.051563 [debug] [MainThread]: STDERR: "b''"
[0m13:27:58.051814 [info ] [MainThread]:  - git [[32mOK found[0m]

[0m13:27:58.052062 [info ] [MainThread]: Connection test skipped since no profile was found
[0m13:27:58.052379 [info ] [MainThread]: [31m2 checks failed:[0m
[0m13:27:58.052620 [info ] [MainThread]: Could not load dbt_project.yml
Profile loading failed for the following reason:
Runtime Error
  The profile 'cost_management_asset_dbt' does not have a target named 'default'. The valid target names for this profile are:
   - dev


[0m13:27:58.052857 [info ] [MainThread]: Project loading failed for the following reason:
 project path </Users/edgardo_hernandez/Documents/Projects/FIS/cost_management_asset/dbt_project.yml> not found

[0m13:27:58.055503 [debug] [MainThread]: Resource report: {"command_name": "debug", "command_success": false, "command_wall_clock_time": 0.114778794, "process_in_blocks": "0", "process_kernel_time": 0.404244, "process_mem_max_rss": "95035392", "process_out_blocks": "0", "process_user_time": 0.862624}
[0m13:27:58.056097 [debug] [MainThread]: Command `dbt debug` failed at 13:27:58.055827 after 0.12 seconds
[0m13:27:58.056497 [debug] [MainThread]: Sending event: {'category': 'dbt', 'action': 'invocation', 'label': 'end', 'context': [<snowplow_tracker.self_describing_json.SelfDescribingJson object at 0x7f781138fa30>, <snowplow_tracker.self_describing_json.SelfDescribingJson object at 0x7f7821291f70>, <snowplow_tracker.self_describing_json.SelfDescribingJson object at 0x7f78212aed30>]}
[0m13:27:58.056855 [debug] [MainThread]: Flushing usage events
[0m13:27:58.877777 [debug] [MainThread]: An error was encountered while trying to flush usage events
